Arguments: 
  /Users/charles/.nvm/versions/node/v6.6.0/bin/node /Users/charles/.nvm/versions/node/v6.6.0/bin/yarn install

PATH: 
  /Users/charles/.nvm/versions/node/v6.6.0/bin:/usr/local/bin:/usr/bin:/bin:/usr/sbin:/sbin:./node_modules/.bin

Yarn version: 
  0.16.1

Node version: 
  6.6.0

Platform: 
  darwin x64

npm manifest: 
  {
    "name": "flow-runtime-mobx",
    "version": "0.0.1",
    "description": "A flow compatible type system for JS.",
    "main": "flow-runtime-mobx.js",
    "scripts": {
      "prepublish": "npm run build",
      "build": "babel -d ./lib ./src",
      "test": "mocha",
      "watch": "mocha --watch"
    },
    "author": "Charles Pick <charles@codemix.com>",
    "license": "MIT",
    "devDependencies": {
      "babel-cli": "^6.16.0",
      "babel-core": "^6.17.0",
      "babel-eslint": "^7.0.0",
      "babel-plugin-transform-decorators-legacy": "^1.3.4",
      "babel-preset-env": "^1.1.4",
      "babel-preset-es2015": "^6.16.0",
      "babel-preset-es2015-node": "^6.1.1",
      "babel-preset-react": "^6.16.0",
      "babel-preset-stage-0": "^6.16.0",
      "eslint": "^3.8.1",
      "eslint-plugin-babel": "^3.3.0",
      "eslint-plugin-flowtype": "^2.20.0",
      "eslint-plugin-import": "^2.0.1",
      "eslint-plugin-jsx-a11y": "^2.2.3",
      "eslint-plugin-react": "^6.4.1",
      "flow-bin": "^0.37.4",
      "flow-typed": "^2.0.0",
      "mocha": "^3.1.2"
    },
    "peerDependencies": {
      "flow-runtime": "^0.0.4",
      "mobx": "^3.0.0",
    },
    "eslintConfig": {
      "extends": "./config/eslint.js"
    }
  }

yarn manifest: 
  No manifest

bower manifest: 
  No manifest

Lockfile: 
  No lockfile

Trace: 
  SyntaxError: /Users/charles/Projects/codemix/2016/flow-runtime/packages/flow-runtime-mobx/package.json: Unexpected token } in JSON at position 1094
      at Object.parse (native)
      at /Users/charles/.nvm/versions/node/v6.6.0/lib/node_modules/yarn/lib/util/fs.js:271:57
      at next (native)
      at step (/Users/charles/.nvm/versions/node/v6.6.0/lib/node_modules/yarn/node_modules/babel-runtime/helpers/asyncToGenerator.js:17:30)
      at /Users/charles/.nvm/versions/node/v6.6.0/lib/node_modules/yarn/node_modules/babel-runtime/helpers/asyncToGenerator.js:28:13
